commit 3ffdb26d594506a67bfbce973c3ded4026aebb9c
Author: hbhakhra <bhakhrani.humza@gmail.com>
Date:   Tue Jan 7 19:06:40 2014 -0800

    test quran5x5 here

commit 3359ca52bcd5e8d177802b62974f8f543cb2ca63
Author: hbhakhra <bhakhrani.humza@gmail.com>
Date:   Tue Jan 7 19:03:22 2014 -0800

    test quran5x5 here

commit 0d733e991f5e2bdd3b1c2334a4c36ab3c9624000
Author: hbhakhra <bhakhrani.humza@gmail.com>
Date:   Mon Jan 6 19:18:42 2014 -0800

    Added new relic to main.rb

commit b2fc748bc371062e2a4f3d932a107f32c1ec6da2
Author: hbhakhra <bhakhrani.humza@gmail.com>
Date:   Mon Jan 6 19:08:56 2014 -0800

    new relic

commit 7bb194369d9c003ed531eb7cb2d6073a0017ba4e
Author: Sana Bhakhrani <Sana@unknowne0f8473d3836.gateway.2wire.net>
Date:   Sun Jan 5 23:11:22 2014 -0800

    quick n dirty

commit fda7b0daf96d2f167e410ac855648dadffee4c94
Author: Sana Bhakhrani <Sana@unknowne0f8473d3836.gateway.2wire.net>
Date:   Sun Jan 5 23:03:49 2014 -0800

    init
