# Logfile created on 2014-01-06 19:08:13 -0800 by logger.rb/31641
I, [2014-01-06T19:08:13.476597 #10780]  INFO -- : 0:  addressable (2.3.5) from C:/Ruby193/lib/ruby/gems/1.9.1/specifications/addressable-2.3.5.gemspec
I, [2014-01-06T19:08:13.477597 #10780]  INFO -- : 0:  bcrypt-ruby (3.1.2) from C:/Ruby193/lib/ruby/gems/1.9.1/specifications/bcrypt-ruby-3.1.2-x86-mingw32.gemspec
I, [2014-01-06T19:08:13.479597 #10780]  INFO -- : 0:  dm-core (1.2.1) from C:/Ruby193/lib/ruby/gems/1.9.1/specifications/dm-core-1.2.1.gemspec
I, [2014-01-06T19:08:13.481597 #10780]  INFO -- : 0:  dm-aggregates (1.2.0) from C:/Ruby193/lib/ruby/gems/1.9.1/specifications/dm-aggregates-1.2.0.gemspec
I, [2014-01-06T19:08:13.482597 #10780]  INFO -- : 0:  dm-constraints (1.2.0) from C:/Ruby193/lib/ruby/gems/1.9.1/specifications/dm-constraints-1.2.0.gemspec
I, [2014-01-06T19:08:13.484597 #10780]  INFO -- : 0:  dm-migrations (1.2.0) from C:/Ruby193/lib/ruby/gems/1.9.1/specifications/dm-migrations-1.2.0.gemspec
I, [2014-01-06T19:08:13.485597 #10780]  INFO -- : 0:  fastercsv (1.5.5) from C:/Ruby193/lib/ruby/gems/1.9.1/specifications/fastercsv-1.5.5.gemspec
I, [2014-01-06T19:08:13.487598 #10780]  INFO -- : 0:  json (1.8.1) from C:/Ruby193/lib/ruby/gems/1.9.1/specifications/json-1.8.1.gemspec
I, [2014-01-06T19:08:13.489598 #10780]  INFO -- : 0:  json_pure (1.8.1) from C:/Ruby193/lib/ruby/gems/1.9.1/specifications/json_pure-1.8.1.gemspec
I, [2014-01-06T19:08:13.490598 #10780]  INFO -- : 0:  multi_json (1.8.2) from C:/Ruby193/lib/ruby/gems/1.9.1/specifications/multi_json-1.8.2.gemspec
I, [2014-01-06T19:08:13.491598 #10780]  INFO -- : 0:  dm-serializer (1.2.2) from C:/Ruby193/lib/ruby/gems/1.9.1/specifications/dm-serializer-1.2.2.gemspec
I, [2014-01-06T19:08:13.493598 #10780]  INFO -- : 0:  dm-timestamps (1.2.0) from C:/Ruby193/lib/ruby/gems/1.9.1/specifications/dm-timestamps-1.2.0.gemspec
I, [2014-01-06T19:08:13.494598 #10780]  INFO -- : 0:  dm-transactions (1.2.0) from C:/Ruby193/lib/ruby/gems/1.9.1/specifications/dm-transactions-1.2.0.gemspec
I, [2014-01-06T19:08:13.496598 #10780]  INFO -- : 0:  stringex (1.5.1) from C:/Ruby193/lib/ruby/gems/1.9.1/specifications/stringex-1.5.1.gemspec
I, [2014-01-06T19:08:13.497598 #10780]  INFO -- : 0:  uuidtools (2.1.4) from C:/Ruby193/lib/ruby/gems/1.9.1/specifications/uuidtools-2.1.4.gemspec
I, [2014-01-06T19:08:13.498598 #10780]  INFO -- : 0:  dm-types (1.2.2) from C:/Ruby193/lib/ruby/gems/1.9.1/specifications/dm-types-1.2.2.gemspec
I, [2014-01-06T19:08:13.501598 #10780]  INFO -- : 0:  dm-validations (1.2.0) from C:/Ruby193/lib/ruby/gems/1.9.1/specifications/dm-validations-1.2.0.gemspec
I, [2014-01-06T19:08:13.502598 #10780]  INFO -- : 0:  data_mapper (1.2.0) from C:/Ruby193/lib/ruby/gems/1.9.1/specifications/data_mapper-1.2.0.gemspec
I, [2014-01-06T19:08:13.503599 #10780]  INFO -- : 0:  data_objects (0.10.13) from C:/Ruby193/lib/ruby/gems/1.9.1/specifications/data_objects-0.10.13.gemspec
I, [2014-01-06T19:08:13.505599 #10780]  INFO -- : 0:  dm-do-adapter (1.2.0) from C:/Ruby193/lib/ruby/gems/1.9.1/specifications/dm-do-adapter-1.2.0.gemspec
I, [2014-01-06T19:08:15.581717 #10780]  INFO -- : 0:  do_postgres (0.10.13) from C:/Ruby193/lib/ruby/gems/1.9.1/specifications/do_postgres-0.10.13-x86-mingw32.gemspec
I, [2014-01-06T19:08:15.920737 #10780]  INFO -- : 0:  dm-postgres-adapter (1.2.0) from C:/Ruby193/lib/ruby/gems/1.9.1/specifications/dm-postgres-adapter-1.2.0.gemspec
I, [2014-01-06T19:08:18.093861 #10780]  INFO -- : 0:  newrelic_rpm (3.7.1.182) from C:/Ruby193/lib/ruby/gems/1.9.1/specifications/newrelic_rpm-3.7.1.182.gemspec
I, [2014-01-06T19:08:19.878963 #10780]  INFO -- : 0:  pg (0.13.2) from C:/Ruby193/lib/ruby/gems/1.9.1/specifications/pg-0.13.2-x86-mingw32.gemspec
I, [2014-01-06T19:08:19.880963 #10780]  INFO -- : 0:  rack (1.5.2) from C:/Ruby193/lib/ruby/gems/1.9.1/specifications/rack-1.5.2.gemspec
I, [2014-01-06T19:08:19.881963 #10780]  INFO -- : 0:  rack-protection (1.5.1) from C:/Ruby193/lib/ruby/gems/1.9.1/specifications/rack-protection-1.5.1.gemspec
I, [2014-01-06T19:08:19.883963 #10780]  INFO -- : 0:  tilt (1.4.1) from C:/Ruby193/lib/ruby/gems/1.9.1/specifications/tilt-1.4.1.gemspec
I, [2014-01-06T19:08:21.463054 #10780]  INFO -- : 0:  sinatra (1.3.2) from C:/Ruby193/lib/ruby/gems/1.9.1/specifications/sinatra-1.3.2.gemspec
I, [2014-01-06T19:08:21.464054 #10780]  INFO -- : 0:  bundler (1.5.1) from C:/Ruby193/lib/ruby/gems/1.9.1/specifications/bundler-1.5.1.gemspec
<<<<<<< HEAD
I, [2014-01-07T23:00:37.911596 #7056]  INFO -- : 0:  addressable (2.3.5) from C:/Ruby193/lib/ruby/gems/1.9.1/specifications/addressable-2.3.5.gemspec
I, [2014-01-07T23:00:37.911596 #7056]  INFO -- : 0:  bcrypt-ruby (3.1.2) from C:/Ruby193/lib/ruby/gems/1.9.1/specifications/bcrypt-ruby-3.1.2-x86-mingw32.gemspec
I, [2014-01-07T23:00:37.912596 #7056]  INFO -- : 0:  dm-core (1.2.1) from C:/Ruby193/lib/ruby/gems/1.9.1/specifications/dm-core-1.2.1.gemspec
I, [2014-01-07T23:00:37.913596 #7056]  INFO -- : 0:  dm-aggregates (1.2.0) from C:/Ruby193/lib/ruby/gems/1.9.1/specifications/dm-aggregates-1.2.0.gemspec
I, [2014-01-07T23:00:37.913596 #7056]  INFO -- : 0:  dm-constraints (1.2.0) from C:/Ruby193/lib/ruby/gems/1.9.1/specifications/dm-constraints-1.2.0.gemspec
I, [2014-01-07T23:00:37.914596 #7056]  INFO -- : 0:  dm-migrations (1.2.0) from C:/Ruby193/lib/ruby/gems/1.9.1/specifications/dm-migrations-1.2.0.gemspec
I, [2014-01-07T23:00:37.915596 #7056]  INFO -- : 0:  fastercsv (1.5.5) from C:/Ruby193/lib/ruby/gems/1.9.1/specifications/fastercsv-1.5.5.gemspec
I, [2014-01-07T23:00:37.915596 #7056]  INFO -- : 0:  json (1.8.1) from C:/Ruby193/lib/ruby/gems/1.9.1/specifications/json-1.8.1.gemspec
I, [2014-01-07T23:00:37.916596 #7056]  INFO -- : 0:  json_pure (1.8.1) from C:/Ruby193/lib/ruby/gems/1.9.1/specifications/json_pure-1.8.1.gemspec
I, [2014-01-07T23:00:37.916596 #7056]  INFO -- : 0:  multi_json (1.8.2) from C:/Ruby193/lib/ruby/gems/1.9.1/specifications/multi_json-1.8.2.gemspec
I, [2014-01-07T23:00:37.917596 #7056]  INFO -- : 0:  dm-serializer (1.2.2) from C:/Ruby193/lib/ruby/gems/1.9.1/specifications/dm-serializer-1.2.2.gemspec
I, [2014-01-07T23:00:37.918596 #7056]  INFO -- : 0:  dm-timestamps (1.2.0) from C:/Ruby193/lib/ruby/gems/1.9.1/specifications/dm-timestamps-1.2.0.gemspec
I, [2014-01-07T23:00:37.918596 #7056]  INFO -- : 0:  dm-transactions (1.2.0) from C:/Ruby193/lib/ruby/gems/1.9.1/specifications/dm-transactions-1.2.0.gemspec
I, [2014-01-07T23:00:37.919596 #7056]  INFO -- : 0:  stringex (1.5.1) from C:/Ruby193/lib/ruby/gems/1.9.1/specifications/stringex-1.5.1.gemspec
I, [2014-01-07T23:00:37.919596 #7056]  INFO -- : 0:  uuidtools (2.1.4) from C:/Ruby193/lib/ruby/gems/1.9.1/specifications/uuidtools-2.1.4.gemspec
I, [2014-01-07T23:00:37.920596 #7056]  INFO -- : 0:  dm-types (1.2.2) from C:/Ruby193/lib/ruby/gems/1.9.1/specifications/dm-types-1.2.2.gemspec
I, [2014-01-07T23:00:37.921596 #7056]  INFO -- : 0:  dm-validations (1.2.0) from C:/Ruby193/lib/ruby/gems/1.9.1/specifications/dm-validations-1.2.0.gemspec
I, [2014-01-07T23:00:37.921596 #7056]  INFO -- : 0:  data_mapper (1.2.0) from C:/Ruby193/lib/ruby/gems/1.9.1/specifications/data_mapper-1.2.0.gemspec
I, [2014-01-07T23:00:37.922596 #7056]  INFO -- : 0:  data_objects (0.10.13) from C:/Ruby193/lib/ruby/gems/1.9.1/specifications/data_objects-0.10.13.gemspec
I, [2014-01-07T23:00:37.922596 #7056]  INFO -- : 0:  dm-do-adapter (1.2.0) from C:/Ruby193/lib/ruby/gems/1.9.1/specifications/dm-do-adapter-1.2.0.gemspec
I, [2014-01-07T23:00:37.923596 #7056]  INFO -- : 0:  do_postgres (0.10.13) from C:/Ruby193/lib/ruby/gems/1.9.1/specifications/do_postgres-0.10.13-x86-mingw32.gemspec
I, [2014-01-07T23:00:37.924596 #7056]  INFO -- : 0:  dm-postgres-adapter (1.2.0) from C:/Ruby193/lib/ruby/gems/1.9.1/specifications/dm-postgres-adapter-1.2.0.gemspec
I, [2014-01-07T23:00:37.924596 #7056]  INFO -- : 0:  newrelic_rpm (3.7.1.182) from C:/Ruby193/lib/ruby/gems/1.9.1/specifications/newrelic_rpm-3.7.1.182.gemspec
I, [2014-01-07T23:00:37.925597 #7056]  INFO -- : 0:  pg (0.13.2) from C:/Ruby193/lib/ruby/gems/1.9.1/specifications/pg-0.13.2-x86-mingw32.gemspec
I, [2014-01-07T23:00:37.925597 #7056]  INFO -- : 0:  rack (1.5.2) from C:/Ruby193/lib/ruby/gems/1.9.1/specifications/rack-1.5.2.gemspec
I, [2014-01-07T23:00:37.926597 #7056]  INFO -- : 0:  rack-protection (1.5.1) from C:/Ruby193/lib/ruby/gems/1.9.1/specifications/rack-protection-1.5.1.gemspec
I, [2014-01-07T23:00:37.927597 #7056]  INFO -- : 0:  tilt (1.4.1) from C:/Ruby193/lib/ruby/gems/1.9.1/specifications/tilt-1.4.1.gemspec
I, [2014-01-07T23:00:37.927597 #7056]  INFO -- : 0:  sinatra (1.3.2) from C:/Ruby193/lib/ruby/gems/1.9.1/specifications/sinatra-1.3.2.gemspec
I, [2014-01-07T23:00:37.928597 #7056]  INFO -- : 0:  bundler (1.5.1) from C:/Ruby193/lib/ruby/gems/1.9.1/specifications/bundler-1.5.1.gemspec
=======
I, [2014-01-07T19:04:12.541914 #5332]  INFO -- : 0:  addressable (2.3.5) from C:/Ruby193/lib/ruby/gems/1.9.1/specifications/addressable-2.3.5.gemspec
I, [2014-01-07T19:04:12.542914 #5332]  INFO -- : 0:  bcrypt-ruby (3.1.2) from C:/Ruby193/lib/ruby/gems/1.9.1/specifications/bcrypt-ruby-3.1.2-x86-mingw32.gemspec
I, [2014-01-07T19:04:12.543914 #5332]  INFO -- : 0:  dm-core (1.2.1) from C:/Ruby193/lib/ruby/gems/1.9.1/specifications/dm-core-1.2.1.gemspec
I, [2014-01-07T19:04:12.544914 #5332]  INFO -- : 0:  dm-aggregates (1.2.0) from C:/Ruby193/lib/ruby/gems/1.9.1/specifications/dm-aggregates-1.2.0.gemspec
I, [2014-01-07T19:04:12.544914 #5332]  INFO -- : 0:  dm-constraints (1.2.0) from C:/Ruby193/lib/ruby/gems/1.9.1/specifications/dm-constraints-1.2.0.gemspec
I, [2014-01-07T19:04:12.545914 #5332]  INFO -- : 0:  dm-migrations (1.2.0) from C:/Ruby193/lib/ruby/gems/1.9.1/specifications/dm-migrations-1.2.0.gemspec
I, [2014-01-07T19:04:12.546914 #5332]  INFO -- : 0:  fastercsv (1.5.5) from C:/Ruby193/lib/ruby/gems/1.9.1/specifications/fastercsv-1.5.5.gemspec
I, [2014-01-07T19:04:12.547914 #5332]  INFO -- : 0:  json (1.8.1) from C:/Ruby193/lib/ruby/gems/1.9.1/specifications/json-1.8.1.gemspec
I, [2014-01-07T19:04:12.547914 #5332]  INFO -- : 0:  json_pure (1.8.1) from C:/Ruby193/lib/ruby/gems/1.9.1/specifications/json_pure-1.8.1.gemspec
I, [2014-01-07T19:04:12.548914 #5332]  INFO -- : 0:  multi_json (1.8.2) from C:/Ruby193/lib/ruby/gems/1.9.1/specifications/multi_json-1.8.2.gemspec
I, [2014-01-07T19:04:12.549915 #5332]  INFO -- : 0:  dm-serializer (1.2.2) from C:/Ruby193/lib/ruby/gems/1.9.1/specifications/dm-serializer-1.2.2.gemspec
I, [2014-01-07T19:04:12.549915 #5332]  INFO -- : 0:  dm-timestamps (1.2.0) from C:/Ruby193/lib/ruby/gems/1.9.1/specifications/dm-timestamps-1.2.0.gemspec
I, [2014-01-07T19:04:12.550915 #5332]  INFO -- : 0:  dm-transactions (1.2.0) from C:/Ruby193/lib/ruby/gems/1.9.1/specifications/dm-transactions-1.2.0.gemspec
I, [2014-01-07T19:04:12.551915 #5332]  INFO -- : 0:  stringex (1.5.1) from C:/Ruby193/lib/ruby/gems/1.9.1/specifications/stringex-1.5.1.gemspec
I, [2014-01-07T19:04:12.551915 #5332]  INFO -- : 0:  uuidtools (2.1.4) from C:/Ruby193/lib/ruby/gems/1.9.1/specifications/uuidtools-2.1.4.gemspec
I, [2014-01-07T19:04:12.552915 #5332]  INFO -- : 0:  dm-types (1.2.2) from C:/Ruby193/lib/ruby/gems/1.9.1/specifications/dm-types-1.2.2.gemspec
I, [2014-01-07T19:04:12.553915 #5332]  INFO -- : 0:  dm-validations (1.2.0) from C:/Ruby193/lib/ruby/gems/1.9.1/specifications/dm-validations-1.2.0.gemspec
I, [2014-01-07T19:04:12.554915 #5332]  INFO -- : 0:  data_mapper (1.2.0) from C:/Ruby193/lib/ruby/gems/1.9.1/specifications/data_mapper-1.2.0.gemspec
I, [2014-01-07T19:04:12.554915 #5332]  INFO -- : 0:  data_objects (0.10.13) from C:/Ruby193/lib/ruby/gems/1.9.1/specifications/data_objects-0.10.13.gemspec
I, [2014-01-07T19:04:12.555915 #5332]  INFO -- : 0:  dm-do-adapter (1.2.0) from C:/Ruby193/lib/ruby/gems/1.9.1/specifications/dm-do-adapter-1.2.0.gemspec
I, [2014-01-07T19:04:12.556915 #5332]  INFO -- : 0:  do_postgres (0.10.13) from C:/Ruby193/lib/ruby/gems/1.9.1/specifications/do_postgres-0.10.13-x86-mingw32.gemspec
I, [2014-01-07T19:04:12.557915 #5332]  INFO -- : 0:  dm-postgres-adapter (1.2.0) from C:/Ruby193/lib/ruby/gems/1.9.1/specifications/dm-postgres-adapter-1.2.0.gemspec
I, [2014-01-07T19:04:12.557915 #5332]  INFO -- : 0:  newrelic_rpm (3.7.1.182) from C:/Ruby193/lib/ruby/gems/1.9.1/specifications/newrelic_rpm-3.7.1.182.gemspec
I, [2014-01-07T19:04:12.558915 #5332]  INFO -- : 0:  pg (0.13.2) from C:/Ruby193/lib/ruby/gems/1.9.1/specifications/pg-0.13.2-x86-mingw32.gemspec
I, [2014-01-07T19:04:12.559915 #5332]  INFO -- : 0:  rack (1.5.2) from C:/Ruby193/lib/ruby/gems/1.9.1/specifications/rack-1.5.2.gemspec
I, [2014-01-07T19:04:12.560915 #5332]  INFO -- : 0:  rack-protection (1.5.1) from C:/Ruby193/lib/ruby/gems/1.9.1/specifications/rack-protection-1.5.1.gemspec
I, [2014-01-07T19:04:12.561915 #5332]  INFO -- : 0:  tilt (1.4.1) from C:/Ruby193/lib/ruby/gems/1.9.1/specifications/tilt-1.4.1.gemspec
I, [2014-01-07T19:04:12.562915 #5332]  INFO -- : 0:  sinatra (1.3.2) from C:/Ruby193/lib/ruby/gems/1.9.1/specifications/sinatra-1.3.2.gemspec
I, [2014-01-07T19:04:12.563915 #5332]  INFO -- : 0:  bundler (1.5.1) from C:/Ruby193/lib/ruby/gems/1.9.1/specifications/bundler-1.5.1.gemspec
>>>>>>> 3ffdb26d594506a67bfbce973c3ded4026aebb9c
